<?xml version="1.0" encoding="UTF-8"?>
<!-- Generated by org.testng.reporters.JUnitReportReporter -->
<testsuite hostname="Malltech313" name="test.AssignmentFirst" tests="1" failures="0" timestamp="19 Jun 2023 14:20:19 GMT" time="3.850" errors="0">
  <testcase name="assignmentFirst" time="3.850" classname="test.AssignmentFirst"/>
</testsuite> <!-- test.AssignmentFirst -->
