<?xml version="1.0" encoding="UTF-8"?>
<!-- Generated by org.testng.reporters.JUnitReportReporter -->
<testsuite hostname="Malltech313" name="test.AssignmentSecond" tests="1" failures="0" timestamp="19 Jun 2023 15:08:37 GMT" time="2.900" errors="0">
  <testcase name="assignmentSecond" time="2.900" classname="test.AssignmentSecond"/>
</testsuite> <!-- test.AssignmentSecond -->
