<?xml version="1.0" encoding="UTF-8"?>
<!-- Generated by org.testng.reporters.JUnitReportReporter -->
<testsuite hostname="LAPTOP-K8RE9END" failures="0" tests="1" name="day8.suite.GetUser" time="0.322" errors="0" timestamp="2024-08-07T20:11:30 IST" skipped="0">
  <testcase classname="day8.suite.GetUser" name="getUser" time="0.322"/>
  <system-out/>
</testsuite> <!-- day8.suite.GetUser -->
