<?xml version="1.0" encoding="UTF-8"?>
<!-- Generated by org.testng.reporters.JUnitReportReporter -->
<testsuite hostname="LAPTOP-K8RE9END" failures="0" tests="1" name="day6.JSONSchemaValidation" time="1.361" errors="0" timestamp="2024-08-04T19:50:06 IST" skipped="0">
  <testcase classname="day6.JSONSchemaValidation" name="jsonSchemaValidation" time="1.361"/>
  <system-out/>
</testsuite> <!-- day6.JSONSchemaValidation -->
