<?xml version="1.0" encoding="UTF-8"?>
<!-- Generated by org.testng.reporters.JUnitReportReporter -->
<testsuite hostname="LAPTOP-K8RE9END" failures="0" tests="1" name="day5.ParsingXMLRes" time="1.617" errors="0" timestamp="2024-08-04T18:35:28 IST" skipped="0">
  <testcase classname="day5.ParsingXMLRes" name="testXMLRes" time="1.617"/>
  <system-out/>
</testsuite> <!-- day5.ParsingXMLRes -->
