<?xml version="1.0" encoding="UTF-8"?>
<!-- Generated by org.testng.reporters.JUnitReportReporter -->
<testsuite hostname="LAPTOP-K8RE9END" failures="0" tests="1" name="day3.CookiesDemo" time="1.468" errors="0" timestamp="2024-08-04T01:43:18 IST" skipped="0">
  <testcase classname="day3.CookiesDemo" name="getCookiesInfo" time="1.468"/>
  <system-out/>
</testsuite> <!-- day3.CookiesDemo -->
