<?xml version="1.0" encoding="UTF-8"?>
<!-- Generated by org.testng.reporters.JUnitReportReporter -->
<testsuite hostname="LAPTOP-K8RE9END" failures="0" tests="1" name="day6.SerializationDeserialization" time="0.199" errors="0" timestamp="2024-08-04T20:39:12 IST" skipped="0">
  <testcase classname="day6.SerializationDeserialization" name="convertJson2Pojo" time="0.199"/>
  <system-out/>
</testsuite> <!-- day6.SerializationDeserialization -->
