<?xml version="1.0" encoding="UTF-8"?>
<!-- Generated by org.testng.reporters.JUnitReportReporter -->
<testsuite hostname="LAPTOP-K8RE9END" failures="0" tests="1" name="day4.ParsingJSONResponseData" time="1.206" errors="0" timestamp="2024-08-04T02:52:39 IST" skipped="0">
  <testcase classname="day4.ParsingJSONResponseData" name="validateTotalPrice" time="1.206"/>
  <system-out/>
</testsuite> <!-- day4.ParsingJSONResponseData -->
