<?xml version="1.0" encoding="UTF-8"?>
<!-- Generated by org.testng.reporters.JUnitReportReporter -->
<testsuite hostname="LAPTOP-K8RE9END" failures="0" tests="1" name="day7.FakerLibForDummyData" time="0.166" errors="0" timestamp="2024-08-06T21:15:22 IST" skipped="0">
  <testcase classname="day7.FakerLibForDummyData" name="testGenerateDummyData" time="0.166"/>
  <system-out/>
</testsuite> <!-- day7.FakerLibForDummyData -->
