<?xml version="1.0" encoding="UTF-8"?>
<!-- Generated by org.testng.reporters.JUnitReportReporter -->
<testsuite hostname="LAPTOP-K8RE9END" failures="0" tests="1" name="day8.CreateUser" time="2.989" errors="0" timestamp="2024-08-07T20:10:20 IST" skipped="0">
  <testcase classname="day8.CreateUser" name="testCreateUser" time="2.989"/>
  <system-out/>
</testsuite> <!-- day8.CreateUser -->
