<?xml version="1.0" encoding="UTF-8"?>
<!-- Generated by org.testng.reporters.JUnitReportReporter -->
<testsuite hostname="LAPTOP-K8RE9END" failures="0" tests="1" name="day3.PathAndQueryParameters" time="1.650" errors="0" timestamp="2024-08-04T01:26:24 IST" skipped="0">
  <testcase classname="day3.PathAndQueryParameters" name="testQueryAndPathParameters" time="1.650"/>
  <system-out/>
</testsuite> <!-- day3.PathAndQueryParameters -->
