<?xml version="1.0" encoding="UTF-8"?>
<!-- Generated by org.testng.reporters.JUnitReportReporter -->
<testsuite hostname="LAPTOP-K8RE9END" failures="0" tests="1" name="day3.HeadersDemo" time="1.409" errors="0" timestamp="2024-08-04T01:52:11 IST" skipped="0">
  <testcase classname="day3.HeadersDemo" name="getHeaders" time="1.409"/>
  <system-out/>
</testsuite> <!-- day3.HeadersDemo -->
