<?xml version="1.0" encoding="UTF-8"?>
<!-- Generated by org.testng.reporters.JUnitReportReporter -->
<testsuite hostname="LAPTOP-K8RE9END" failures="0" tests="2" name="day2.DiffWaysToCreatePostReqBody" time="1.513" errors="0" timestamp="2024-08-04T01:13:21 IST" skipped="0">
  <testcase classname="day2.DiffWaysToCreatePostReqBody" name="testPostUsingJsonFile" time="1.488"/>
  <system-out/>
  <testcase classname="day2.DiffWaysToCreatePostReqBody" name="deleteRecord" time="0.025"/>
  <system-out/>
</testsuite> <!-- day2.DiffWaysToCreatePostReqBody -->
