<?xml version="1.0" encoding="UTF-8"?>
<!-- Generated by org.testng.reporters.JUnitReportReporter -->
<testsuite hostname="LAPTOP-K8RE9END" failures="0" tests="1" name="day3.LoggingDemo" time="1.126" errors="0" timestamp="2024-08-04T01:56:18 IST" skipped="0">
  <testcase classname="day3.LoggingDemo" name="testLogs" time="1.126"/>
  <system-out/>
</testsuite> <!-- day3.LoggingDemo -->
