<?xml version="1.0" encoding="UTF-8"?>
<!-- Generated by org.testng.reporters.JUnitReportReporter -->
<testsuite hostname="LAPTOP-K8RE9END" failures="0" tests="1" name="day7.Authentication" time="1.793" errors="0" timestamp="2024-08-06T21:04:16 IST" skipped="0">
  <testcase classname="day7.Authentication" name="testAPIKeyAuth" time="1.793"/>
  <system-out/>
</testsuite> <!-- day7.Authentication -->
