<?xml version="1.0" encoding="UTF-8"?>
<!-- Generated by org.testng.reporters.JUnitReportReporter -->
<testsuite hostname="Malltech313" name="test.PutPatchDeleteExamples" tests="3" failures="0" timestamp="8 May 2023 13:29:47 GMT" time="3.484" errors="0">
  <testcase name="testPatch" time="0.719" classname="test.PutPatchDeleteExamples"/>
  <testcase name="testPut" time="0.625" classname="test.PutPatchDeleteExamples"/>
  <testcase name="testDelete" time="2.140" classname="test.PutPatchDeleteExamples"/>
</testsuite> <!-- test.PutPatchDeleteExamples -->
