<?xml version="1.0" encoding="UTF-8"?>
<!-- Generated by org.testng.reporters.JUnitReportReporter -->
<testsuite hostname="Malltech313" name="test.GetAndPostExamples" tests="1" failures="0" timestamp="8 May 2023 13:21:19 GMT" time="2.301" errors="0">
  <testcase name="testPost" time="2.301" classname="test.GetAndPostExamples"/>
</testsuite> <!-- test.GetAndPostExamples -->
