<?xml version="1.0" encoding="UTF-8"?>
<!-- Generated by org.testng.reporters.JUnitReportReporter -->
<testsuite hostname="LAPTOP-K8RE9END" failures="0" tests="4" name="api.tests.UserTestUsingProperies" time="7.849" errors="0" timestamp="2024-08-10T18:00:06 IST" skipped="0">
  <testcase classname="api.tests.UserTestUsingProperies" name="testPostUser" time="3.527"/>
  <system-out/>
  <testcase classname="api.tests.UserTestUsingProperies" name="testGetUserByName" time="1.071"/>
  <system-out/>
  <testcase classname="api.tests.UserTestUsingProperies" name="testUpdateUser" time="2.228"/>
  <system-out/>
  <testcase classname="api.tests.UserTestUsingProperies" name="testDeleteUserByName" time="1.023"/>
  <system-out/>
</testsuite> <!-- api.tests.UserTestUsingProperies -->
