<?xml version="1.0" encoding="UTF-8"?>
<!-- Generated by org.testng.reporters.JUnitReportReporter -->
<testsuite hostname="LAPTOP-K8RE9END" failures="0" tests="4" name="api.tests.UserTest" time="10.407" errors="0" timestamp="2024-08-10T17:41:39 IST" skipped="0">
  <testcase classname="api.tests.UserTest" name="testPostUser" time="4.583"/>
  <system-out/>
  <testcase classname="api.tests.UserTest" name="testGetUserByName" time="1.437"/>
  <system-out/>
  <testcase classname="api.tests.UserTest" name="testUpdateUser" time="2.856"/>
  <system-out/>
  <testcase classname="api.tests.UserTest" name="testDeleteUserByName" time="1.531"/>
  <system-out/>
</testsuite> <!-- api.tests.UserTest -->
