<?xml version="1.0" encoding="UTF-8"?>
<!-- Generated by org.testng.reporters.JUnitReportReporter -->
<testsuite hostname="LAPTOP-K8RE9END" failures="0" tests="33" name="api.tests.DDTests" time="36.863" errors="0" timestamp="2024-08-10T11:03:46 IST" skipped="0">
  <testcase classname="api.tests.DDTests" name="testPostUser" time="1.056"/>
  <system-out/>
  <testcase classname="api.tests.DDTests" name="testPostUser" time="1.025"/>
  <system-out/>
  <testcase classname="api.tests.DDTests" name="testPostUser" time="1.042"/>
  <system-out/>
  <testcase classname="api.tests.DDTests" name="testPostUser" time="1.037"/>
  <system-out/>
  <testcase classname="api.tests.DDTests" name="testPostUser" time="3.349"/>
  <system-out/>
  <testcase classname="api.tests.DDTests" name="testPostUser" time="1.041"/>
  <system-out/>
  <testcase classname="api.tests.DDTests" name="testPostUser" time="1.043"/>
  <system-out/>
  <testcase classname="api.tests.DDTests" name="testPostUser" time="1.048"/>
  <system-out/>
  <testcase classname="api.tests.DDTests" name="testPostUser" time="1.047"/>
  <system-out/>
  <testcase classname="api.tests.DDTests" name="testPostUser" time="1.062"/>
  <system-out/>
  <testcase classname="api.tests.DDTests" name="testPostUser" time="1.037"/>
  <system-out/>
  <testcase classname="api.tests.DDTests" name="testGetUserByName" time="1.072"/>
  <system-out/>
  <testcase classname="api.tests.DDTests" name="testGetUserByName" time="1.076"/>
  <system-out/>
  <testcase classname="api.tests.DDTests" name="testGetUserByName" time="1.063"/>
  <system-out/>
  <testcase classname="api.tests.DDTests" name="testGetUserByName" time="1.031"/>
  <system-out/>
  <testcase classname="api.tests.DDTests" name="testGetUserByName" time="1.011"/>
  <system-out/>
  <testcase classname="api.tests.DDTests" name="testGetUserByName" time="1.070"/>
  <system-out/>
  <testcase classname="api.tests.DDTests" name="testGetUserByName" time="1.017"/>
  <system-out/>
  <testcase classname="api.tests.DDTests" name="testGetUserByName" time="1.033"/>
  <system-out/>
  <testcase classname="api.tests.DDTests" name="testGetUserByName" time="1.055"/>
  <system-out/>
  <testcase classname="api.tests.DDTests" name="testGetUserByName" time="1.138"/>
  <system-out/>
  <testcase classname="api.tests.DDTests" name="testGetUserByName" time="1.015"/>
  <system-out/>
  <testcase classname="api.tests.DDTests" name="testDeleteUserByName" time="1.042"/>
  <system-out/>
  <testcase classname="api.tests.DDTests" name="testDeleteUserByName" time="1.043"/>
  <system-out/>
  <testcase classname="api.tests.DDTests" name="testDeleteUserByName" time="1.067"/>
  <system-out/>
  <testcase classname="api.tests.DDTests" name="testDeleteUserByName" time="1.012"/>
  <system-out/>
  <testcase classname="api.tests.DDTests" name="testDeleteUserByName" time="1.016"/>
  <system-out/>
  <testcase classname="api.tests.DDTests" name="testDeleteUserByName" time="1.068"/>
  <system-out/>
  <testcase classname="api.tests.DDTests" name="testDeleteUserByName" time="1.019"/>
  <system-out/>
  <testcase classname="api.tests.DDTests" name="testDeleteUserByName" time="1.074"/>
  <system-out/>
  <testcase classname="api.tests.DDTests" name="testDeleteUserByName" time="1.067"/>
  <system-out/>
  <testcase classname="api.tests.DDTests" name="testDeleteUserByName" time="1.021"/>
  <system-out/>
  <testcase classname="api.tests.DDTests" name="testDeleteUserByName" time="1.066"/>
  <system-out/>
</testsuite> <!-- api.tests.DDTests -->
